<?xml version="1.0" encoding="UTF-8"?>
<!-- Generated by org.testng.reporters.JUnitReportReporter -->
<testsuite hostname="DESKTOP-Q11B2K9" failures="0" tests="1" name="Demo.UpdateBooking" time="5.756" errors="0" timestamp="2023-10-27T00:01:27 IST" skipped="0">
  <testcase classname="Demo.UpdateBooking" name="testUpdateBookingAndVerify" time="5.756"/>
</testsuite> <!-- Demo.UpdateBooking -->
