<?xml version="1.0" encoding="UTF-8"?>
<!-- Generated by org.testng.reporters.JUnitReportReporter -->
<testsuite hostname="DESKTOP-Q11B2K9" failures="0" tests="1" name="Tests.DeleteBookingAndVerify" time="4.754" errors="0" timestamp="2023-10-27T00:28:08 IST" skipped="0">
  <testcase classname="Tests.DeleteBookingAndVerify" name="testDeleteBookingAndVerify" time="4.754"/>
</testsuite> <!-- Tests.DeleteBookingAndVerify -->
