<?xml version="1.0" encoding="UTF-8"?>
<!-- Generated by org.testng.reporters.JUnitReportReporter -->
<testsuite hostname="DESKTOP-Q11B2K9" failures="0" tests="1" name="Tests.Getbooking" time="3.887" errors="0" timestamp="2023-10-25T16:18:51 IST" skipped="0">
  <testcase classname="Tests.Getbooking" name="test_2" time="3.887"/>
</testsuite> <!-- Tests.Getbooking -->
