<?xml version="1.0" encoding="UTF-8"?>
<!-- Generated by org.testng.reporters.JUnitReportReporter -->
<testsuite hostname="DESKTOP-Q11B2K9" failures="0" tests="1" name="Tests.TestExamples" time="3.905" errors="0" timestamp="2023-10-25T15:19:46 IST" skipped="0">
  <testcase classname="Tests.TestExamples" name="test_1" time="3.905"/>
</testsuite> <!-- Tests.TestExamples -->
