<?xml version="1.0" encoding="UTF-8"?>
<!-- Generated by org.testng.reporters.JUnitReportReporter -->
<testsuite hostname="DESKTOP-Q11B2K9" failures="0" tests="1" name="Tests.CreateAndUpdateBooking" time="7.021" errors="0" timestamp="2023-10-25T15:43:01 IST" skipped="0">
  <testcase classname="Tests.CreateAndUpdateBooking" name="testCreateAndUpdateBooking" time="7.021"/>
</testsuite> <!-- Tests.CreateAndUpdateBooking -->
