<?xml version="1.0" encoding="UTF-8"?>
<!-- Generated by org.testng.reporters.JUnitReportReporter -->
<testsuite hostname="DESKTOP-Q11B2K9" failures="0" tests="1" name="Tests.GetBooking_QueryParams" time="5.511" errors="0" timestamp="2023-10-27T00:39:29 IST" skipped="0">
  <testcase classname="Tests.GetBooking_QueryParams" name="test_2" time="5.511"/>
</testsuite> <!-- Tests.GetBooking_QueryParams -->
