<?xml version="1.0" encoding="UTF-8"?>
<!-- Generated by org.testng.reporters.JUnitReportReporter -->
<testsuite hostname="DESKTOP-Q11B2K9" failures="0" tests="1" name="Tests.Getbooking" time="3.573" errors="0" timestamp="2023-10-27T00:37:06 IST" skipped="0">
  <testcase classname="Tests.Getbooking" name="test_2" time="3.573"/>
</testsuite> <!-- Tests.Getbooking -->
