<?xml version="1.0" encoding="UTF-8"?>
<!-- Generated by org.testng.reporters.JUnitReportReporter -->
<testsuite hostname="DESKTOP-Q11B2K9" failures="0" tests="1" name="Tests.PartialUpdateBookingAndVerify" time="5.615" errors="0" timestamp="2023-10-27T00:08:20 IST" skipped="0">
  <testcase classname="Tests.PartialUpdateBookingAndVerify" name="PartialUpdateBookingAndVerify" time="5.615"/>
</testsuite> <!-- Tests.PartialUpdateBookingAndVerify -->
