<?xml version="1.0" encoding="UTF-8"?>
<!-- Generated by org.testng.reporters.JUnitReportReporter -->
<testsuite hostname="DESKTOP-Q11B2K9" failures="0" tests="1" name="Tests.CreateBookingAndVerify" time="6.264" errors="0" timestamp="2023-10-27T00:36:44 IST" skipped="0">
  <testcase classname="Tests.CreateBookingAndVerify" name="testCreateBookingAndVerify" time="6.264"/>
</testsuite> <!-- Tests.CreateBookingAndVerify -->
